Using pre-set license
Built from '2020.3/release' branch; Version is '2020.3.7f1 (dd97f2c94397) revision 14522354'; Using compiler version '192528614'; Build Type 'Release'
OS: 'Windows 10 Pro; OS build 22616.1; Version 2009; 64bit' Language: 'ko' Physical Memory: 32655 MB
BatchMode: 1, IsHumanControllingUs: 0, StartBugReporterOnCrash: 0, Is64bit: 1, IsPro: 0

 COMMAND LINE ARGUMENTS:
C:\Unity\2020.3.7f1\Editor\Unity.exe
-adb2
-batchMode
-noUpm
-name
AssetImportWorker0
-projectPath
C:/Users/kekek/Documents/AssaultSurvival/AssaultSurvival
-logFile
Logs/AssetImportWorker0.log
-srvPort
52095
Successfully changed project path to: C:/Users/kekek/Documents/AssaultSurvival/AssaultSurvival
C:/Users/kekek/Documents/AssaultSurvival/AssaultSurvival
Using Asset Import Pipeline V2.
Refreshing native plugins compatible for Editor in 26.99 ms, found 1 plugins.
Preloading 0 native plugins for Editor in 0.00 ms.
Initialize engine version: 2020.3.7f1 (dd97f2c94397)
[Subsystems] Discovering subsystems at path C:/Unity/2020.3.7f1/Editor/Data/Resources/UnitySubsystems
[Subsystems] Discovering subsystems at path C:/Users/kekek/Documents/AssaultSurvival/AssaultSurvival/Assets
GfxDevice: creating device client; threaded=0
Direct3D:
    Version:  Direct3D 11.0 [level 11.1]
    Renderer: NVIDIA GeForce RTX 3060 (ID=0x2503)
    Vendor:   
    VRAM:     12142 MB
    Driver:   30.0.15.1179
Initialize mono
Mono path[0] = 'C:/Unity/2020.3.7f1/Editor/Data/Managed'
Mono path[1] = 'C:/Unity/2020.3.7f1/Editor/Data/MonoBleedingEdge/lib/mono/unityjit'
Mono config path = 'C:/Unity/2020.3.7f1/Editor/Data/MonoBleedingEdge/etc'
Using monoOptions --debugger-agent=transport=dt_socket,embedding=1,server=y,suspend=n,address=127.0.0.1:56876
Begin MonoManager ReloadAssembly
Registering precompiled unity dll's ...
Register platform support module: C:/Unity/2020.3.7f1/Editor/Data/PlaybackEngines/WebGLSupport/UnityEditor.WebGL.Extensions.dll
Register platform support module: C:/Unity/2020.3.7f1/Editor/Data/PlaybackEngines/WindowsStandaloneSupport/UnityEditor.WindowsStandalone.Extensions.dll
Registered in 0.003049 seconds.
Native extension for WindowsStandalone target not found
Native extension for WebGL target not found
Refreshing native plugins compatible for Editor in 26.92 ms, found 1 plugins.
Preloading 0 native plugins for Editor in 0.00 ms.
Mono: successfully reloaded assembly
- Completed reload, in  1.730 seconds
Platform modules already initialized, skipping
Registering precompiled user dll's ...
Registered in 0.001394 seconds.
Begin MonoManager ReloadAssembly
Native extension for WindowsStandalone target not found
Native extension for WebGL target not found
Refreshing native plugins compatible for Editor in 27.97 ms, found 1 plugins.
Preloading 0 native plugins for Editor in 0.00 ms.
Mono: successfully reloaded assembly
- Completed reload, in  0.716 seconds
Platform modules already initialized, skipping
========================================================================
Worker process is ready to serve import requests
Launched and connected shader compiler UnityShaderCompiler.exe after 0.05 seconds
Refreshing native plugins compatible for Editor in 0.38 ms, found 1 plugins.
Preloading 0 native plugins for Editor in 0.00 ms.
Unloading 1989 Unused Serialized files (Serialized files now loaded: 0)
System memory in use before: 95.1 MB.
System memory in use after: 95.1 MB.

Unloading 25 unused Assets to reduce memory usage. Loaded Objects now: 2430.
Total: 2.034000 ms (FindLiveObjects: 0.218800 ms CreateObjectMapping: 0.069900 ms MarkObjects: 1.642800 ms  DeleteObjects: 0.101700 ms)

========================================================================
Received Import Request.
  path: Assets/Scenes
  artifactKey: Guid(3d49abf48e8a3664ab718cc82a9a10d6) Importer(815301076,1909f56bfc062723c751e8b465ee728b)
Start importing Assets/Scenes using Guid(3d49abf48e8a3664ab718cc82a9a10d6) Importer(815301076,1909f56bfc062723c751e8b465ee728b)  -> (artifact id: '4d3186f85f0769111405288a7f498b2f') in 0.010446 seconds
  Import took 0.013275 seconds .

========================================================================
Received Import Request.
  Time since last request: 0.000244 seconds.
  path: Assets/Scenes/GameScene.unity
  artifactKey: Guid(52044822ef8dce44f94b183603a3bb0f) Importer(815301076,1909f56bfc062723c751e8b465ee728b)
Start importing Assets/Scenes/GameScene.unity using Guid(52044822ef8dce44f94b183603a3bb0f) Importer(815301076,1909f56bfc062723c751e8b465ee728b)  -> (artifact id: 'da0894798ca486d0bbe95f58d6c9580b') in 0.013211 seconds
  Import took 0.015784 seconds .

========================================================================
Received Import Request.
  Time since last request: 19.063452 seconds.
  path: Assets/Prefabs
  artifactKey: Guid(3d2e00eef64bb1149a530db91efd0b15) Importer(815301076,1909f56bfc062723c751e8b465ee728b)
Start importing Assets/Prefabs using Guid(3d2e00eef64bb1149a530db91efd0b15) Importer(815301076,1909f56bfc062723c751e8b465ee728b)  -> (artifact id: '0453082ff545c7bf596d68cd5688c0b9') in 0.008447 seconds
  Import took 0.011216 seconds .

========================================================================
Received Import Request.
  Time since last request: 1.467765 seconds.
  path: Assets/Prefabs/EnemyMonster.prefab
  artifactKey: Guid(abaa8104d9937a64ea587b474501809c) Importer(815301076,1909f56bfc062723c751e8b465ee728b)
Start importing Assets/Prefabs/EnemyMonster.prefab using Guid(abaa8104d9937a64ea587b474501809c) Importer(815301076,1909f56bfc062723c751e8b465ee728b)  -> (artifact id: 'ccf32dd5ad945341bb7d57235236b11e') in 0.080934 seconds
  Import took 0.083649 seconds .

========================================================================
Received Import Request.
  Time since last request: 11.566378 seconds.
  path: Assets/EnemyController.cs
  artifactKey: Guid(ab1bbb6ed4ab1e54a884a4777f44a3d4) Importer(815301076,1909f56bfc062723c751e8b465ee728b)
Start importing Assets/EnemyController.cs using Guid(ab1bbb6ed4ab1e54a884a4777f44a3d4) Importer(815301076,1909f56bfc062723c751e8b465ee728b)  -> (artifact id: '20ea65775b6b9b992a49c00612ce274c') in 0.016749 seconds
  Import took 0.019313 seconds .

========================================================================
Received Prepare
Registering precompiled user dll's ...
Registered in 0.001069 seconds.
Begin MonoManager ReloadAssembly
Native extension for WindowsStandalone target not found
Native extension for WebGL target not found
Refreshing native plugins compatible for Editor in 0.38 ms, found 1 plugins.
Preloading 0 native plugins for Editor in 0.00 ms.
Mono: successfully reloaded assembly
- Completed reload, in  0.654 seconds
Platform modules already initialized, skipping
Switching build target platform(5) subTarget(0) extendedPlatform(0) -> platform(13) subTarget(537395200) extendedPlatform(0)
Refreshing native plugins compatible for Editor in 0.38 ms, found 1 plugins.
Preloading 0 native plugins for Editor in 0.00 ms.
Unloading 1972 Unused Serialized files (Serialized files now loaded: 0)
System memory in use before: 96.7 MB.
System memory in use after: 96.6 MB.

Unloading 13 unused Assets to reduce memory usage. Loaded Objects now: 2441.
Total: 1.937000 ms (FindLiveObjects: 0.286300 ms CreateObjectMapping: 0.075300 ms MarkObjects: 1.479800 ms  DeleteObjects: 0.094400 ms)

AssetImportParameters requested are different than current active one (requested -> active):
  custom:graphics/normal-map-encoding: 01000000000000000000000000000000 -> 02000000000000000000000000000000
========================================================================
Received Prepare
Registering precompiled user dll's ...
Registered in 0.001208 seconds.
Begin MonoManager ReloadAssembly
Native extension for WindowsStandalone target not found
Native extension for WebGL target not found
Refreshing native plugins compatible for Editor in 0.35 ms, found 1 plugins.
Preloading 0 native plugins for Editor in 0.00 ms.
Mono: successfully reloaded assembly
- Completed reload, in  0.627 seconds
Platform modules already initialized, skipping
Switching build target platform(5) subTarget(0) extendedPlatform(0) -> platform(13) subTarget(537395200) extendedPlatform(0)
Refreshing native plugins compatible for Editor in 0.36 ms, found 1 plugins.
Preloading 0 native plugins for Editor in 0.00 ms.
Unloading 1972 Unused Serialized files (Serialized files now loaded: 0)
System memory in use before: 96.7 MB.
System memory in use after: 96.7 MB.

Unloading 13 unused Assets to reduce memory usage. Loaded Objects now: 2445.
Total: 2.042500 ms (FindLiveObjects: 0.231300 ms CreateObjectMapping: 0.067100 ms MarkObjects: 1.647200 ms  DeleteObjects: 0.096100 ms)

AssetImportParameters requested are different than current active one (requested -> active):
  custom:graphics/normal-map-encoding: 01000000000000000000000000000000 -> 02000000000000000000000000000000
AssetImportWorkerClient::OnTransportError - code=2 error=End of file
